<?xml version="1.0" encoding="UTF-8"?>
<!-- Generated by org.testng.reporters.JUnitReportReporter -->
<testsuite hostname="Surfaxx" failures="0" tests="3" name="tickertapeFW.loginFunctionality" time="25.145" errors="0" timestamp="2023-01-23T20:57:24 IST" skipped="0">
  <testcase classname="tickertapeFW.loginFunctionality" name="emptyInputTest" time="7.239"/>
  <system-out/>
  <testcase classname="tickertapeFW.loginFunctionality" name="invalidInputTest" time="8.992"/>
  <system-out/>
  <testcase classname="tickertapeFW.loginFunctionality" name="validInputTest" time="8.914"/>
  <system-out/>
</testsuite> <!-- tickertapeFW.loginFunctionality -->
