<?xml version="1.0" encoding="UTF-8"?>
<!-- Generated by org.testng.reporters.JUnitReportReporter -->
<testsuite hostname="Surfaxx" failures="0" tests="2" name="tickertapeFW.stockDeals" time="5.337" errors="0" timestamp="2023-01-23T20:57:24 IST" skipped="0">
  <testcase classname="tickertapeFW.stockDeals" name="urlTest" time="2.553"/>
  <system-out/>
  <testcase classname="tickertapeFW.stockDeals" name="logoIconTest" time="2.784"/>
  <system-out/>
</testsuite> <!-- tickertapeFW.stockDeals -->
