<?xml version="1.0" encoding="UTF-8"?>
<!-- Generated by org.testng.reporters.JUnitReportReporter -->
<testsuite hostname="Surfaxx" failures="0" tests="10" name="tickertapeFW.mmi" time="44.644" errors="0" timestamp="2023-01-23T20:57:24 IST" skipped="0">
  <testcase classname="tickertapeFW.mmi" name="urlTest" time="3.406"/>
  <system-out/>
  <testcase classname="tickertapeFW.mmi" name="mmiLogoTest" time="4.821"/>
  <system-out/>
  <testcase classname="tickertapeFW.mmi" name="mmiTextTest" time="5.573"/>
  <system-out/>
  <testcase classname="tickertapeFW.mmi" name="helpButtonTest" time="5.401"/>
  <system-out/>
  <testcase classname="tickertapeFW.mmi" name="hover1Test" time="4.208"/>
  <system-out/>
  <testcase classname="tickertapeFW.mmi" name="hover2Test" time="5.914"/>
  <system-out/>
  <testcase classname="tickertapeFW.mmi" name="hover5Test" time="3.657"/>
  <system-out/>
  <testcase classname="tickertapeFW.mmi" name="hover3Test" time="4.125"/>
  <system-out/>
  <testcase classname="tickertapeFW.mmi" name="historyTest" time="3.913"/>
  <system-out/>
  <testcase classname="tickertapeFW.mmi" name="shareButtonTest" time="3.626"/>
  <system-out/>
</testsuite> <!-- tickertapeFW.mmi -->
