<?xml version="1.0" encoding="UTF-8"?>
<!-- Generated by org.testng.reporters.JUnitReportReporter -->
<testsuite hostname="Surfaxx" failures="0" tests="2" name="tickertapeFW.watchlist" time="26.190" errors="0" timestamp="2023-01-22T18:11:12 IST" skipped="0">
  <testcase classname="tickertapeFW.watchlist" name="fundamental_Test" time="14.294"/>
  <system-out/>
  <testcase classname="tickertapeFW.watchlist" name="time_period_1M_Test" time="11.896"/>
  <system-out/>
</testsuite> <!-- tickertapeFW.watchlist -->
