<?xml version="1.0" encoding="UTF-8"?>
<!-- Generated by org.testng.reporters.JUnitReportReporter -->
<testsuite hostname="Surfaxx" failures="0" tests="1" name="tickertapeFW.logoutFunctionality" time="36.499" errors="0" timestamp="2023-01-22T13:32:25 IST" skipped="0">
  <testcase classname="tickertapeFW.logoutFunctionality" name="logoutTest" time="36.499"/>
  <system-out/>
</testsuite> <!-- tickertapeFW.logoutFunctionality -->
