<?xml version="1.0" encoding="UTF-8"?>
<!-- Generated by org.testng.reporters.JUnitReportReporter -->
<testsuite hostname="Surfaxx" failures="0" tests="2" name="tickertapeFW.mfScreener" time="9.579" errors="0" timestamp="2023-01-23T20:57:24 IST" skipped="0">
  <testcase classname="tickertapeFW.mfScreener" name="AddFillterFUniverseTabTest" time="4.669"/>
  <system-out/>
  <testcase classname="tickertapeFW.mfScreener" name="CustomMFUniverseTabTest" time="4.910"/>
  <system-out/>
</testsuite> <!-- tickertapeFW.mfScreener -->
