<?xml version="1.0" encoding="UTF-8"?>
<!-- Generated by org.testng.reporters.JUnitReportReporter -->
<testsuite hostname="Surfaxx" failures="0" tests="10" name="tickertapeFW.mfScreener" time="51.413" errors="0" timestamp="2023-01-22T18:53:15 IST" skipped="0">
  <testcase classname="tickertapeFW.mfScreener" name="MFUniverseTabTest" time="6.102"/>
  <system-out/>
  <testcase classname="tickertapeFW.mfScreener" name="LiquidfundCheckBoxUnderMFUniverseTabTest" time="4.376"/>
  <system-out/>
  <testcase classname="tickertapeFW.mfScreener" name="FundTrackingNiftyCheckBoxUnderMFUniverseTabTest" time="5.574"/>
  <system-out/>
  <testcase classname="tickertapeFW.mfScreener" name="categoryMFUniverseTabTest" time="5.191"/>
  <system-out/>
  <testcase classname="tickertapeFW.mfScreener" name="planMFUniverseTabTest" time="3.824"/>
  <system-out/>
  <testcase classname="tickertapeFW.mfScreener" name="AUMcrMFUniverseTabTest" time="5.984"/>
  <system-out/>
  <testcase classname="tickertapeFW.mfScreener" name="CAGR3yMFUniverseTabTest" time="4.588"/>
  <system-out/>
  <testcase classname="tickertapeFW.mfScreener" name="ExpenseRatioMFUniverseTabTest" time="5.374"/>
  <system-out/>
  <testcase classname="tickertapeFW.mfScreener" name="AddFillterFUniverseTabTest" time="4.703"/>
  <system-out/>
  <testcase classname="tickertapeFW.mfScreener" name="CustomMFUniverseTabTest" time="5.697"/>
  <system-out/>
</testsuite> <!-- tickertapeFW.mfScreener -->
