<?xml version="1.0" encoding="UTF-8"?>
<!-- Generated by org.testng.reporters.JUnitReportReporter -->
<testsuite hostname="Surfaxx" failures="0" tests="10" name="tickertapeFW.stockDeals" time="38.123" errors="0" timestamp="2023-01-22T18:53:15 IST" skipped="0">
  <testcase classname="tickertapeFW.stockDeals" name="urlTest" time="4.056"/>
  <system-out/>
  <testcase classname="tickertapeFW.stockDeals" name="paraTest" time="3.926"/>
  <system-out/>
  <testcase classname="tickertapeFW.stockDeals" name="logoIconTest" time="3.405"/>
  <system-out/>
  <testcase classname="tickertapeFW.stockDeals" name="textTest" time="3.698"/>
  <system-out/>
  <testcase classname="tickertapeFW.stockDeals" name="box5Test" time="4.023"/>
  <system-out/>
  <testcase classname="tickertapeFW.stockDeals" name="box4Test" time="3.881"/>
  <system-out/>
  <testcase classname="tickertapeFW.stockDeals" name="box3Test" time="4.859"/>
  <system-out/>
  <testcase classname="tickertapeFW.stockDeals" name="box1Test" time="4.572"/>
  <system-out/>
  <testcase classname="tickertapeFW.stockDeals" name="box6Test" time="3.255"/>
  <system-out/>
  <testcase classname="tickertapeFW.stockDeals" name="box2Test" time="2.448"/>
  <system-out/>
</testsuite> <!-- tickertapeFW.stockDeals -->
