<?xml version="1.0" encoding="UTF-8"?>
<!-- Generated by org.testng.reporters.JUnitReportReporter -->
<testsuite hostname="Surfaxx" failures="0" tests="1" name="tickertapeFW.aaaaaa" time="8.904" errors="0" timestamp="2023-01-19T19:26:13 IST" skipped="0">
  <testcase classname="tickertapeFW.aaaaaa" name="Verify_finance_tab" time="8.904"/>
  <system-out/>
</testsuite> <!-- tickertapeFW.aaaaaa -->
