<?xml version="1.0" encoding="UTF-8"?>
<!-- Generated by org.testng.reporters.JUnitReportReporter -->
<testsuite hostname="Surfaxx" failures="0" tests="10" name="tickertapeFW.mfScreener" time="56.510" errors="0" timestamp="2023-01-22T17:50:16 IST" skipped="0">
  <testcase classname="tickertapeFW.mfScreener" name="MFUniverseTabTest" time="4.641"/>
  <system-out/>
  <testcase classname="tickertapeFW.mfScreener" name="LiquidfundCheckBoxUnderMFUniverseTabTest" time="6.884"/>
  <system-out/>
  <testcase classname="tickertapeFW.mfScreener" name="FundTrackingNiftyCheckBoxUnderMFUniverseTabTest" time="4.410"/>
  <system-out/>
  <testcase classname="tickertapeFW.mfScreener" name="categoryMFUniverseTabTest" time="3.795"/>
  <system-out/>
  <testcase classname="tickertapeFW.mfScreener" name="planMFUniverseTabTest" time="10.916"/>
  <system-out/>
  <testcase classname="tickertapeFW.mfScreener" name="AUMcrMFUniverseTabTest" time="4.935"/>
  <system-out/>
  <testcase classname="tickertapeFW.mfScreener" name="CAGR3yMFUniverseTabTest" time="4.445"/>
  <system-out/>
  <testcase classname="tickertapeFW.mfScreener" name="ExpenseRatioMFUniverseTabTest" time="8.537"/>
  <system-out/>
  <testcase classname="tickertapeFW.mfScreener" name="AddFillterFUniverseTabTest" time="4.143"/>
  <system-out/>
  <testcase classname="tickertapeFW.mfScreener" name="CustomMFUniverseTabTest" time="3.804"/>
  <system-out/>
</testsuite> <!-- tickertapeFW.mfScreener -->
