<?xml version="1.0" encoding="UTF-8"?>
<!-- Generated by org.testng.reporters.JUnitReportReporter -->
<testsuite hostname="Surfaxx" failures="0" tests="1" name="tickertapeFW.landingPage" time="15.104" errors="0" timestamp="2023-01-21T23:54:39 IST" skipped="0">
  <testcase classname="tickertapeFW.landingPage" name="backToHomeArrowTest" time="15.104"/>
  <system-out/>
</testsuite> <!-- tickertapeFW.landingPage -->
