<?xml version="1.0" encoding="UTF-8"?>
<!-- Generated by org.testng.reporters.JUnitReportReporter -->
<testsuite hostname="Surfaxx" failures="0" tests="3" name="tickertapeFW.landingPage" time="13.508" errors="0" timestamp="2023-01-23T20:57:24 IST" skipped="0">
  <testcase classname="tickertapeFW.landingPage" name="backToHomeTextdisplayTest" time="5.329"/>
  <system-out/>
  <testcase classname="tickertapeFW.landingPage" name="SearchBoxDisplayTest" time="4.048"/>
  <system-out/>
  <testcase classname="tickertapeFW.landingPage" name="searchBoxFunctionalityTest" time="4.131"/>
  <system-out/>
</testsuite> <!-- tickertapeFW.landingPage -->
