<?xml version="1.0" encoding="UTF-8"?>
<!-- Generated by org.testng.reporters.JUnitReportReporter -->
<testsuite hostname="Surfaxx" failures="0" tests="11" name="tickertapeFW.loginFunctionality" time="63.167" errors="0" timestamp="2023-01-22T17:41:05 IST" skipped="0">
  <testcase classname="tickertapeFW.loginFunctionality" name="urlTest" time="4.163"/>
  <system-out/>
  <testcase classname="tickertapeFW.loginFunctionality" name="loginHoverTest" time="5.235"/>
  <system-out/>
  <testcase classname="tickertapeFW.loginFunctionality" name="loginButtonTest" time="5.477"/>
  <system-out/>
  <testcase classname="tickertapeFW.loginFunctionality" name="appleSigninTest" time="5.187"/>
  <system-out/>
  <testcase classname="tickertapeFW.loginFunctionality" name="emailSigninTest" time="5.857"/>
  <system-out/>
  <testcase classname="tickertapeFW.loginFunctionality" name="fbSigninTest" time="6.395"/>
  <system-out/>
  <testcase classname="tickertapeFW.loginFunctionality" name="googleSigninTest" time="3.963"/>
  <system-out/>
  <testcase classname="tickertapeFW.loginFunctionality" name="signinTest" time="6.899"/>
  <system-out/>
  <testcase classname="tickertapeFW.loginFunctionality" name="emptyInputTest" time="7.534"/>
  <system-out/>
  <testcase classname="tickertapeFW.loginFunctionality" name="invalidInputTest" time="5.498"/>
  <system-out/>
  <testcase classname="tickertapeFW.loginFunctionality" name="validInputTest" time="6.959"/>
  <system-out/>
</testsuite> <!-- tickertapeFW.loginFunctionality -->
