<?xml version="1.0" encoding="UTF-8"?>
<!-- Generated by org.testng.reporters.JUnitReportReporter -->
<testsuite hostname="Surfaxx" failures="0" tests="1" name="tickertapeFW.logoutFunctionality" time="34.345" errors="0" timestamp="2023-01-22T18:53:15 IST" skipped="0">
  <testcase classname="tickertapeFW.logoutFunctionality" name="logoutTest" time="34.345"/>
  <system-out/>
</testsuite> <!-- tickertapeFW.logoutFunctionality -->
