<?xml version="1.0" encoding="UTF-8"?>
<!-- Generated by org.testng.reporters.JUnitReportReporter -->
<testsuite hostname="Surfaxx" failures="0" tests="10" name="tickertapeFW.mmi" time="72.694" errors="0" timestamp="2023-01-21T23:31:04 IST" skipped="0">
  <testcase classname="tickertapeFW.mmi" name="urlTest" time="5.284"/>
  <system-out/>
  <testcase classname="tickertapeFW.mmi" name="helpButtonTest" time="6.641"/>
  <system-out/>
  <testcase classname="tickertapeFW.mmi" name="mmiTextTest" time="8.847"/>
  <system-out/>
  <testcase classname="tickertapeFW.mmi" name="mmiLogoTest" time="6.188"/>
  <system-out/>
  <testcase classname="tickertapeFW.mmi" name="hover3Test" time="11.654"/>
  <system-out/>
  <testcase classname="tickertapeFW.mmi" name="hover1Test" time="7.369"/>
  <system-out/>
  <testcase classname="tickertapeFW.mmi" name="hover5Test" time="7.457"/>
  <system-out/>
  <testcase classname="tickertapeFW.mmi" name="hover2Test" time="7.236"/>
  <system-out/>
  <testcase classname="tickertapeFW.mmi" name="historyTest" time="5.986"/>
  <system-out/>
  <testcase classname="tickertapeFW.mmi" name="shareButtonTest" time="6.032"/>
  <system-out/>
</testsuite> <!-- tickertapeFW.mmi -->
