<?xml version="1.0" encoding="UTF-8"?>
<!-- Generated by org.testng.reporters.JUnitReportReporter -->
<testsuite hostname="Surfaxx" failures="0" tests="1" name="tickertapeFW.stockDeals" time="6.772" errors="0" timestamp="2023-01-22T00:17:48 IST" skipped="0">
  <testcase classname="tickertapeFW.stockDeals" name="box1Test" time="6.772"/>
  <system-out/>
</testsuite> <!-- tickertapeFW.stockDeals -->
