<?xml version="1.0" encoding="UTF-8"?>
<!-- Generated by org.testng.reporters.JUnitReportReporter -->
<testsuite hostname="Surfaxx" failures="0" tests="10" name="tickertapeFW.mmi" time="48.845" errors="0" timestamp="2023-01-22T18:53:15 IST" skipped="0">
  <testcase classname="tickertapeFW.mmi" name="urlTest" time="4.894"/>
  <system-out/>
  <testcase classname="tickertapeFW.mmi" name="mmiLogoTest" time="3.129"/>
  <system-out/>
  <testcase classname="tickertapeFW.mmi" name="helpButtonTest" time="4.411"/>
  <system-out/>
  <testcase classname="tickertapeFW.mmi" name="mmiTextTest" time="4.729"/>
  <system-out/>
  <testcase classname="tickertapeFW.mmi" name="hover5Test" time="5.971"/>
  <system-out/>
  <testcase classname="tickertapeFW.mmi" name="hover1Test" time="6.425"/>
  <system-out/>
  <testcase classname="tickertapeFW.mmi" name="hover3Test" time="5.825"/>
  <system-out/>
  <testcase classname="tickertapeFW.mmi" name="hover2Test" time="5.229"/>
  <system-out/>
  <testcase classname="tickertapeFW.mmi" name="historyTest" time="4.208"/>
  <system-out/>
  <testcase classname="tickertapeFW.mmi" name="shareButtonTest" time="4.024"/>
  <system-out/>
</testsuite> <!-- tickertapeFW.mmi -->
