<?xml version="1.0" encoding="UTF-8"?>
<!-- Generated by org.testng.reporters.JUnitReportReporter -->
<testsuite hostname="Surfaxx" failures="0" tests="2" name="tickertapeFW.watchlist" time="10.960" errors="0" timestamp="2023-01-23T20:57:24 IST" skipped="0">
  <testcase classname="tickertapeFW.watchlist" name="url_Test" time="4.157"/>
  <system-out/>
  <testcase classname="tickertapeFW.watchlist" name="loginHoverTest" time="6.803"/>
  <system-out/>
</testsuite> <!-- tickertapeFW.watchlist -->
