<?xml version="1.0" encoding="UTF-8"?>
<!-- Generated by org.testng.reporters.JUnitReportReporter -->
<testsuite hostname="Surfaxx" failures="0" tests="26" name="tickertapeFW.landingPage" time="137.219" errors="1" timestamp="2023-01-22T17:41:05 IST" skipped="0">
  <testcase classname="tickertapeFW.landingPage" name="pageTitleTest" time="3.920"/>
  <system-out/>
  <testcase classname="tickertapeFW.landingPage" name="validatePagelogoTest" time="3.337"/>
  <system-out/>
  <testcase classname="tickertapeFW.landingPage" name="validateLogoArrowTest" time="3.849"/>
  <system-out/>
  <testcase classname="tickertapeFW.landingPage" name="ValidateArrowClickTest" time="6.129"/>
  <system-out/>
  <testcase classname="tickertapeFW.landingPage" name="logoHoverTest" time="3.505"/>
  <system-out/>
  <testcase classname="tickertapeFW.landingPage" name="LogoClickTest" time="3.618"/>
  <system-out/>
  <testcase classname="tickertapeFW.landingPage" name="backToHomeArrowTest" time="4.422"/>
  <system-out/>
  <testcase classname="tickertapeFW.landingPage" name="backToHomeTextdisplayTest" time="9.517">
    <error message="Expected condition failed: waiting for visibility of all elements located by By.xpath: //span[text()=&quot;Back to home&quot;] (tried for 5 second(s) with 500 milliseconds interval)
Build info: version: &#039;4.7.2&#039;, revision: &#039;4d4020c3b7&#039;
System info: os.name: &#039;Windows 11&#039;, os.arch: &#039;amd64&#039;, os.version: &#039;10.0&#039;, java.version: &#039;17.0.4.1&#039;
Driver info: org.openqa.selenium.chrome.ChromeDriver
Capabilities {acceptInsecureCerts: false, browserName: chrome, browserVersion: 109.0.5414.75, chrome: {chromedriverVersion: 109.0.5414.74 (e7c5703604da..., userDataDir: C:\Users\bhaye\AppData\Loca...}, goog:chromeOptions: {debuggerAddress: localhost:60568}, networkConnectionEnabled: false, pageLoadStrategy: normal, platformName: WINDOWS, proxy: Proxy(), se:cdp: ws://localhost:60568/devtoo..., se:cdpVersion: 109.0.5414.75, setWindowRect: true, strictFileInteractability: false, timeouts: {implicit: 0, pageLoad: 300000, script: 30000}, unhandledPromptBehavior: dismiss and notify, webauthn:extension:credBlob: true, webauthn:extension:largeBlob: true, webauthn:virtualAuthenticators: true}
Session ID: a0ab84d45b518c0e259b63d864e5d24d" type="org.openqa.selenium.TimeoutException">
      <![CDATA[org.openqa.selenium.TimeoutException: Expected condition failed: waiting for visibility of all elements located by By.xpath: //span[text()="Back to home"] (tried for 5 second(s) with 500 milliseconds interval)
Build info: version: '4.7.2', revision: '4d4020c3b7'
System info: os.name: 'Windows 11', os.arch: 'amd64', os.version: '10.0', java.version: '17.0.4.1'
Driver info: org.openqa.selenium.chrome.ChromeDriver
Capabilities {acceptInsecureCerts: false, browserName: chrome, browserVersion: 109.0.5414.75, chrome: {chromedriverVersion: 109.0.5414.74 (e7c5703604da..., userDataDir: C:\Users\bhaye\AppData\Loca...}, goog:chromeOptions: {debuggerAddress: localhost:60568}, networkConnectionEnabled: false, pageLoadStrategy: normal, platformName: WINDOWS, proxy: Proxy(), se:cdp: ws://localhost:60568/devtoo..., se:cdpVersion: 109.0.5414.75, setWindowRect: true, strictFileInteractability: false, timeouts: {implicit: 0, pageLoad: 300000, script: 30000}, unhandledPromptBehavior: dismiss and notify, webauthn:extension:credBlob: true, webauthn:extension:largeBlob: true, webauthn:virtualAuthenticators: true}
Session ID: a0ab84d45b518c0e259b63d864e5d24d
at org.openqa.selenium.support.ui.WebDriverWait.timeoutException(WebDriverWait.java:87)
at org.openqa.selenium.support.ui.FluentWait.until(FluentWait.java:231)
at tickertapeFW.common.isDisplayed(common.java:28)
at tickertapeFW.landingPage.backToHomeTextdisplayTest(landingPage.java:69)
at java.base/jdk.internal.reflect.NativeMethodAccessorImpl.invoke0(Native Method)
at java.base/jdk.internal.reflect.NativeMethodAccessorImpl.invoke(NativeMethodAccessorImpl.java:77)
at java.base/jdk.internal.reflect.DelegatingMethodAccessorImpl.invoke(DelegatingMethodAccessorImpl.java:43)
at java.base/java.lang.reflect.Method.invoke(Method.java:568)
at org.testng.internal.MethodInvocationHelper.invokeMethod(MethodInvocationHelper.java:133)
at org.testng.internal.TestInvoker.invokeMethod(TestInvoker.java:598)
at org.testng.internal.TestInvoker.invokeTestMethod(TestInvoker.java:173)
at org.testng.internal.MethodRunner.runInSequence(MethodRunner.java:46)
at org.testng.internal.TestInvoker$MethodInvocationAgent.invoke(TestInvoker.java:824)
at org.testng.internal.TestInvoker.invokeTestMethods(TestInvoker.java:146)
at org.testng.internal.TestMethodWorker.invokeTestMethods(TestMethodWorker.java:146)
at org.testng.internal.TestMethodWorker.run(TestMethodWorker.java:128)
at java.base/java.util.ArrayList.forEach(ArrayList.java:1511)
at org.testng.TestRunner.privateRun(TestRunner.java:794)
at org.testng.TestRunner.run(TestRunner.java:596)
at org.testng.SuiteRunner.runTest(SuiteRunner.java:377)
at org.testng.SuiteRunner.access$000(SuiteRunner.java:28)
at org.testng.SuiteRunner$SuiteWorker.run(SuiteRunner.java:418)
at org.testng.internal.thread.ThreadUtil.lambda$execute$0(ThreadUtil.java:64)
at java.base/java.util.concurrent.FutureTask.run(FutureTask.java:264)
at java.base/java.util.concurrent.ThreadPoolExecutor.runWorker(ThreadPoolExecutor.java:1136)
at java.base/java.util.concurrent.ThreadPoolExecutor$Worker.run(ThreadPoolExecutor.java:635)
at java.base/java.lang.Thread.run(Thread.java:833)
]]>
    </error>
  </testcase> <!-- backToHomeTextdisplayTest -->
  <system-out/>
  <testcase classname="tickertapeFW.landingPage" name="SearchBoxDisplayTest" time="3.976"/>
  <system-out/>
  <testcase classname="tickertapeFW.landingPage" name="searchBoxFunctionalityTest" time="3.496"/>
  <system-out/>
  <testcase classname="tickertapeFW.landingPage" name="socialTabVisibilityTest" time="4.179"/>
  <system-out/>
  <testcase classname="tickertapeFW.landingPage" name="socialIconVisibilityTest" time="3.827"/>
  <system-out/>
  <testcase classname="tickertapeFW.landingPage" name="SocialTabClickTest" time="12.173"/>
  <system-out/>
  <testcase classname="tickertapeFW.landingPage" name="socialIconClickTest" time="12.072"/>
  <system-out/>
  <testcase classname="tickertapeFW.landingPage" name="logInTabDisplayTest" time="3.960"/>
  <system-out/>
  <testcase classname="tickertapeFW.landingPage" name="loginIconVisibilityTest" time="3.173"/>
  <system-out/>
  <testcase classname="tickertapeFW.landingPage" name="loginIconClickTest" time="3.689"/>
  <system-out/>
  <testcase classname="tickertapeFW.landingPage" name="loginIconHoverTest" time="4.696"/>
  <system-out/>
  <testcase classname="tickertapeFW.landingPage" name="logInTabClickTest" time="4.324"/>
  <system-out/>
  <testcase classname="tickertapeFW.landingPage" name="loginTabHoverTest" time="4.866"/>
  <system-out/>
  <testcase classname="tickertapeFW.landingPage" name="loginArrowVisibilityTest" time="3.888"/>
  <system-out/>
  <testcase classname="tickertapeFW.landingPage" name="loginArrowClickTest" time="4.530"/>
  <system-out/>
  <testcase classname="tickertapeFW.landingPage" name="loginArrowHoverTest" time="4.134"/>
  <system-out/>
  <testcase classname="tickertapeFW.landingPage" name="loginButtonClickTest" time="5.664"/>
  <system-out/>
  <testcase classname="tickertapeFW.landingPage" name="portfolioVisibilityTest" time="3.915"/>
  <system-out/>
  <testcase classname="tickertapeFW.landingPage" name="portfolioclickTest" time="12.360"/>
  <system-out/>
</testsuite> <!-- tickertapeFW.landingPage -->
